[debug] [2023-12-26T17:57:44.651Z] ----------------------------------------------------------------------
[debug] [2023-12-26T17:57:44.654Z] Command:       C:\Program Files\nodejs\node.exe C:\Users\lenovo\AppData\Roaming\npm\node_modules\firebase-tools\lib\bin\firebase.js init
[debug] [2023-12-26T17:57:44.655Z] CLI Version:   12.7.0
[debug] [2023-12-26T17:57:44.655Z] Platform:      win32
[debug] [2023-12-26T17:57:44.656Z] Node Version:  v20.10.0
[debug] [2023-12-26T17:57:44.656Z] Time:          Tue Dec 26 2023 22:57:44 GMT+0500 (Pakistan Standard Time)
[debug] [2023-12-26T17:57:44.656Z] ----------------------------------------------------------------------
[debug] 
[debug] [2023-12-26T17:57:44.660Z] >>> [apiv2][query] GET https://firebase-public.firebaseio.com/cli.json [none]
[debug] [2023-12-26T17:57:44.807Z] > command requires scopes: ["email","openid","https://www.googleapis.com/auth/cloudplatformprojects.readonly","https://www.googleapis.com/auth/firebase","https://www.googleapis.com/auth/cloud-platform"]
[debug] [2023-12-26T17:57:44.807Z] > authorizing via signed-in user (lovelyboygggg@gmail.com)
[info] 
     ######## #### ########  ######## ########     ###     ######  ########
     ##        ##  ##     ## ##       ##     ##  ##   ##  ##       ##
     ######    ##  ########  ######   ########  #########  ######  ######
     ##        ##  ##    ##  ##       ##     ## ##     ##       ## ##
     ##       #### ##     ## ######## ########  ##     ##  ######  ########

You're about to initialize a Firebase project in this directory:

  D:\reactProject\assignment\sticky_notes

Before we get started, keep in mind:

  * You are initializing within an existing Firebase project directory

[debug] [2023-12-26T17:58:02.943Z] <<< [apiv2][status] GET https://firebase-public.firebaseio.com/cli.json 200
[debug] [2023-12-26T17:58:02.944Z] <<< [apiv2][body] GET https://firebase-public.firebaseio.com/cli.json {"cloudBuildErrorAfter":1594252800000,"cloudBuildWarnAfter":1590019200000,"defaultNode10After":1594252800000,"minVersion":"3.0.5","node8DeploysDisabledAfter":1613390400000,"node8RuntimeDisabledAfter":1615809600000,"node8WarnAfter":1600128000000}
[info] 
=== Project Setup
[info] 
[info] First, let's associate this project directory with a Firebase project.
[info] You can create multiple project aliases by running firebase use --add, 
[info] but for now we'll just set up a default project.
[info] 
[debug] [2023-12-26T17:58:14.872Z] Using project from CLI flag: sticky-notes-603f3
[debug] [2023-12-26T17:58:14.873Z] > refreshing access token with scopes: []
[debug] [2023-12-26T17:58:14.874Z] >>> [apiv2][query] POST https://www.googleapis.com/oauth2/v3/token [none]
[debug] [2023-12-26T17:58:14.874Z] >>> [apiv2][body] POST https://www.googleapis.com/oauth2/v3/token [omitted]
[debug] [2023-12-26T17:58:15.485Z] <<< [apiv2][status] POST https://www.googleapis.com/oauth2/v3/token 200
[debug] [2023-12-26T17:58:15.485Z] <<< [apiv2][body] POST https://www.googleapis.com/oauth2/v3/token [omitted]
[debug] [2023-12-26T17:58:15.496Z] >>> [apiv2][query] GET https://firebase.googleapis.com/v1beta1/projects/sticky-notes-603f3 [none]
[debug] [2023-12-26T17:58:26.735Z] *** [apiv2] error from fetch(https://firebase.googleapis.com/v1beta1/projects/sticky-notes-603f3, {"headers":{},"method":"GET","signal":{}}): FetchError: request to https://firebase.googleapis.com/v1beta1/projects/sticky-notes-603f3 failed, reason: getaddrinfo ENOTFOUND firebase.googleapis.com
[debug] [2023-12-26T17:58:26.736Z] Failed to make request to https://firebase.googleapis.com/v1beta1/projects/sticky-notes-603f3 (original: request to https://firebase.googleapis.com/v1beta1/projects/sticky-notes-603f3 failed, reason: getaddrinfo ENOTFOUND firebase.googleapis.com)
[debug] [2023-12-26T17:58:27.371Z] FirebaseError: Failed to make request to https://firebase.googleapis.com/v1beta1/projects/sticky-notes-603f3
    at RetryOperation._fn (C:\Users\lenovo\AppData\Roaming\npm\node_modules\firebase-tools\lib\apiv2.js:239:31)
    at process.processTicksAndRejections (node:internal/process/task_queues:95:5)
[error] 
[error] Error: Failed to get Firebase project sticky-notes-603f3. Please make sure the project exists and your account has permission to access it.
